{"ts":1701873173368,"action":"PROJECT_OPENED","tags":{"PROJECT_NAME":"avatarex_grpc_api"}}
{"ts":1701873539347,"action":"IDE_DEACTIVATED"}
{"ts":1701873550461,"action":"IDE_ACTIVATED"}
{"ts":1701873551681,"action":"IDE_DEACTIVATED"}
{"ts":1701873555142,"action":"IDE_ACTIVATED"}
{"ts":1701873573257,"action":"IDE_DEACTIVATED"}
{"ts":1701873592798,"action":"IDE_ACTIVATED"}
{"ts":1701873593842,"action":"IDE_DEACTIVATED"}
{"ts":1701873598585,"action":"IDE_ACTIVATED"}
{"ts":1701873599006,"action":"IDE_DEACTIVATED"}
{"ts":1701873599487,"action":"IDE_ACTIVATED"}
{"ts":1701873741912,"action":"IDE_DEACTIVATED"}
{"ts":1701873748893,"action":"IDE_ACTIVATED"}
{"ts":1701873789033,"action":"IDE_DEACTIVATED"}
{"ts":1701873789706,"action":"IDE_ACTIVATED"}
{"ts":1701873791944,"action":"IDE_DEACTIVATED"}
{"ts":1701873803581,"action":"IDE_ACTIVATED"}
{"ts":1701873803984,"action":"IDE_DEACTIVATED"}
{"ts":1701873812084,"action":"IDE_ACTIVATED"}
{"ts":1701873819414,"action":"IDE_DEACTIVATED"}
{"ts":1701873934104,"action":"IDE_ACTIVATED"}
{"ts":1701873941835,"action":"IDE_DEACTIVATED"}
{"ts":1701874431971,"action":"IDE_ACTIVATED"}
{"ts":1701874433736,"action":"IDE_DEACTIVATED"}
{"ts":1701874465891,"action":"IDE_ACTIVATED"}
{"ts":1701874466983,"action":"IDE_DEACTIVATED"}
{"ts":1701875336606,"action":"IDE_ACTIVATED"}
{"ts":1701875336840,"action":"IDE_DEACTIVATED"}
{"ts":1701875336882,"action":"PROJECT_CLOSED","tags":{"PROJECT_NAME":"avatarex_grpc_api"}}
{"ts":1701875511817,"action":"PROJECT_OPENED","tags":{"PROJECT_NAME":"avatarex_grpc_api"}}
{"ts":1701875893495,"action":"IDE_DEACTIVATED"}
{"ts":1701875901329,"action":"IDE_ACTIVATED"}
{"ts":1701875912443,"action":"IDE_DEACTIVATED"}
{"ts":1701875962167,"action":"IDE_ACTIVATED"}
{"ts":1701875970305,"action":"IDE_DEACTIVATED"}
{"ts":1701876011802,"action":"IDE_ACTIVATED"}
{"ts":1701876074586,"action":"IDE_DEACTIVATED"}
{"ts":1701876097775,"action":"IDE_ACTIVATED"}
{"ts":1701876105564,"action":"IDE_DEACTIVATED"}
{"ts":1701876106726,"action":"IDE_ACTIVATED"}
{"ts":1701876108573,"action":"IDE_DEACTIVATED"}
{"ts":1701876109591,"action":"IDE_ACTIVATED"}
{"ts":1701876117821,"action":"IDE_DEACTIVATED"}
{"ts":1701876122854,"action":"IDE_ACTIVATED"}
{"ts":1701876124201,"action":"IDE_DEACTIVATED"}
{"ts":1701876130347,"action":"IDE_ACTIVATED"}
{"ts":1701876137471,"action":"IDE_DEACTIVATED"}
{"ts":1701876137876,"action":"IDE_ACTIVATED"}
{"ts":1701876141906,"action":"IDE_DEACTIVATED"}
{"ts":1701876160098,"action":"IDE_ACTIVATED"}
{"ts":1701876174364,"action":"IDE_DEACTIVATED"}
{"ts":1701876186290,"action":"IDE_ACTIVATED"}
{"ts":1701876188258,"action":"IDE_DEACTIVATED"}
{"ts":1701876224687,"action":"IDE_ACTIVATED"}
{"ts":1701876224999,"action":"IDE_DEACTIVATED"}
{"ts":1701876225665,"action":"IDE_ACTIVATED"}
{"ts":1701876227450,"action":"IDE_DEACTIVATED"}
{"ts":1701876230464,"action":"IDE_ACTIVATED"}
{"ts":1701876237497,"action":"IDE_DEACTIVATED"}
{"ts":1701876241741,"action":"IDE_ACTIVATED"}
{"ts":1701876246477,"action":"IDE_DEACTIVATED"}
{"ts":1701876247024,"action":"IDE_ACTIVATED"}
{"ts":1701876254053,"action":"IDE_DEACTIVATED"}
{"ts":1701876260797,"action":"IDE_ACTIVATED"}
{"ts":1701876287046,"action":"FILE_OPENED","file":"/prompt_mode_service/proto/prompt_mode_pb2_grpc.py","tags":{"FILE_LINE_OF_CODE":"67"}}
{"ts":1701876314772,"action":"FILE_CLOSED","file":"/prompt_mode_service/proto/prompt_mode_pb2_grpc.py","tags":{"FILE_LINE_OF_CODE":"67"}}
{"ts":1701876314772,"action":"FILE_OPENED","file":"/prompt_mode_service/src/client.py","tags":{"FILE_LINE_OF_CODE":"27"}}
{"ts":1701876324411,"action":"FILE_CLOSED","file":"/prompt_mode_service/src/client.py","tags":{"FILE_LINE_OF_CODE":"27"}}
{"ts":1701876324411,"action":"FILE_OPENED","file":"/prompt_mode_service/src/impl.py","tags":{"FILE_LINE_OF_CODE":"0"}}
{"ts":1701876325313,"action":"FILE_CLOSED","file":"/prompt_mode_service/src/impl.py","tags":{"FILE_LINE_OF_CODE":"0"}}
{"ts":1701876325313,"action":"FILE_OPENED","file":"/prompt_mode_service/src/server.py","tags":{"FILE_LINE_OF_CODE":"27"}}
{"ts":1701876345132,"action":"FILE_CLOSED","file":"/prompt_mode_service/src/server.py","tags":{"FILE_LINE_OF_CODE":"30"}}
{"ts":1701876345132,"action":"FILE_OPENED","file":"/prompt_mode_service/proto/prompt_mode_pb2.py","tags":{"FILE_LINE_OF_CODE":"32"}}
{"ts":1701876350462,"action":"FILE_CLOSED","file":"/prompt_mode_service/proto/prompt_mode_pb2.py","tags":{"FILE_LINE_OF_CODE":"32"}}
{"ts":1701876350466,"action":"FILE_OPENED","file":"/prompt_mode_service/src/server.py","tags":{"FILE_LINE_OF_CODE":"30"}}
{"ts":1701876354380,"action":"IDE_DEACTIVATED"}
{"ts":1701876357300,"action":"IDE_ACTIVATED"}
{"ts":1701876365062,"action":"FILE_CLOSED","file":"/prompt_mode_service/src/server.py","tags":{"FILE_LINE_OF_CODE":"30"}}
{"ts":1701876365062,"action":"FILE_OPENED","file":"/prompt_mode_service/proto/prompt_mode.proto","tags":{"FILE_LINE_OF_CODE":"26"}}
{"ts":1701876388578,"action":"FILE_CLOSED","file":"/prompt_mode_service/proto/prompt_mode.proto","tags":{"FILE_LINE_OF_CODE":"26"}}
{"ts":1701876388586,"action":"FILE_OPENED","file":"/prompt_mode_service/src/server.py","tags":{"FILE_LINE_OF_CODE":"30"}}
{"ts":1701876390845,"action":"FILE_CLOSED","file":"/prompt_mode_service/src/server.py","tags":{"FILE_LINE_OF_CODE":"30"}}
{"ts":1701876390845,"action":"FILE_OPENED","file":"/prompt_mode_service/proto/prompt_mode_pb2.py","tags":{"FILE_LINE_OF_CODE":"32"}}
{"ts":1701876400599,"action":"FILE_CLOSED","file":"/prompt_mode_service/proto/prompt_mode_pb2.py","tags":{"FILE_LINE_OF_CODE":"32"}}
{"ts":1701876400599,"action":"FILE_OPENED","file":"/prompt_mode_service/proto/prompt_mode_pb2_grpc.py","tags":{"FILE_LINE_OF_CODE":"67"}}
{"ts":1701876409256,"action":"IDE_DEACTIVATED"}
{"ts":1701876429241,"action":"IDE_ACTIVATED"}
{"ts":1701876431883,"action":"FILE_CLOSED","file":"/prompt_mode_service/proto/prompt_mode_pb2_grpc.py","tags":{"FILE_LINE_OF_CODE":"67"}}
{"ts":1701876431883,"action":"FILE_OPENED","file":"/prompt_mode_service/__init__.py","tags":{"FILE_LINE_OF_CODE":"0"}}
{"ts":1701876432520,"action":"FILE_CLOSED","file":"/prompt_mode_service/__init__.py","tags":{"FILE_LINE_OF_CODE":"0"}}
{"ts":1701876432520,"action":"FILE_OPENED","file":"/prompt_mode_service/src/server.py","tags":{"FILE_LINE_OF_CODE":"30"}}
{"ts":1701876456085,"action":"FILE_CLOSED","file":"/prompt_mode_service/src/server.py","tags":{"FILE_LINE_OF_CODE":"30"}}
{"ts":1701876456085,"action":"FILE_OPENED","file":"/prompt_mode_service/__init__","tags":{"FILE_LINE_OF_CODE":"0"}}
{"ts":1701876460928,"action":"FILE_CLOSED","file":"/prompt_mode_service/__init__","tags":{"FILE_LINE_OF_CODE":"0"}}
{"ts":1701876460931,"action":"FILE_OPENED","file":"/prompt_mode_service/src/server.py","tags":{"FILE_LINE_OF_CODE":"30"}}
{"ts":1701876473302,"action":"FILE_CLOSED","file":"/prompt_mode_service/src/server.py","tags":{"FILE_LINE_OF_CODE":"30"}}
{"ts":1701876473302,"action":"FILE_OPENED","file":"/prompt_mode_service/src/client.py","tags":{"FILE_LINE_OF_CODE":"27"}}
{"ts":1701876475006,"action":"IDE_DEACTIVATED"}
{"ts":1701876476000,"action":"IDE_ACTIVATED"}
{"ts":1701876479694,"action":"FILE_CLOSED","file":"/prompt_mode_service/src/client.py","tags":{"FILE_LINE_OF_CODE":"27"}}
{"ts":1701876479694,"action":"FILE_OPENED","file":"/prompt_mode_service/proto/prompt_mode_pb2_grpc.py","tags":{"FILE_LINE_OF_CODE":"67"}}
{"ts":1701876511533,"action":"FILE_CLOSED","file":"/prompt_mode_service/proto/prompt_mode_pb2_grpc.py","tags":{"FILE_LINE_OF_CODE":"67"}}
{"ts":1701876511533,"action":"FILE_OPENED","file":"/prompt_mode_service/src/client.py","tags":{"FILE_LINE_OF_CODE":"27"}}
{"ts":1701876522850,"action":"FILE_CLOSED","file":"/prompt_mode_service/src/client.py","tags":{"FILE_LINE_OF_CODE":"27"}}
{"ts":1701876522850,"action":"FILE_OPENED","file":"/prompt_mode_service/proto/prompt_mode_pb2_grpc.py","tags":{"FILE_LINE_OF_CODE":"67"}}
{"ts":1701876525015,"action":"FILE_CLOSED","file":"/prompt_mode_service/proto/prompt_mode_pb2_grpc.py","tags":{"FILE_LINE_OF_CODE":"67"}}
{"ts":1701876525019,"action":"FILE_OPENED","file":"/prompt_mode_service/__init__.py","tags":{"FILE_LINE_OF_CODE":"0"}}
{"ts":1701876527375,"action":"FILE_CLOSED","file":"/prompt_mode_service/__init__.py","tags":{"FILE_LINE_OF_CODE":"0"}}
{"ts":1701876527375,"action":"FILE_OPENED","file":"/prompt_mode_service/proto/prompt_mode_pb2_grpc.py","tags":{"FILE_LINE_OF_CODE":"67"}}
{"ts":1701876529688,"action":"FILE_CLOSED","file":"/prompt_mode_service/proto/prompt_mode_pb2_grpc.py","tags":{"FILE_LINE_OF_CODE":"67"}}
{"ts":1701876529688,"action":"FILE_OPENED","file":"/prompt_mode_service/src/server.py","tags":{"FILE_LINE_OF_CODE":"30"}}
{"ts":1701876620574,"action":"IDE_DEACTIVATED"}
{"ts":1701876828729,"action":"IDE_ACTIVATED"}
{"ts":1701876837393,"action":"IDE_DEACTIVATED"}
{"ts":1701876838236,"action":"IDE_ACTIVATED"}
{"ts":1701876843725,"action":"IDE_DEACTIVATED"}
{"ts":1701876844563,"action":"IDE_ACTIVATED"}
{"ts":1701876845806,"action":"IDE_DEACTIVATED"}
{"ts":1701876848065,"action":"IDE_ACTIVATED"}
{"ts":1701876848706,"action":"IDE_DEACTIVATED"}
{"ts":1701876852043,"action":"IDE_ACTIVATED"}
{"ts":1701876854298,"action":"FILE_CLOSED","file":"/prompt_mode_service/src/server.py","tags":{"FILE_LINE_OF_CODE":"33"}}
{"ts":1701876854298,"action":"FILE_OPENED","file":"/prompt_mode_service/proto/prompt_mode_pb2_grpc.py","tags":{"FILE_LINE_OF_CODE":"67"}}
{"ts":1701876856544,"action":"FILE_CLOSED","file":"/prompt_mode_service/proto/prompt_mode_pb2_grpc.py","tags":{"FILE_LINE_OF_CODE":"67"}}
{"ts":1701876856547,"action":"FILE_OPENED","file":"/prompt_mode_service/__init__.py","tags":{"FILE_LINE_OF_CODE":"0"}}
{"ts":1701876858460,"action":"FILE_CLOSED","file":"/prompt_mode_service/__init__.py","tags":{"FILE_LINE_OF_CODE":"0"}}
{"ts":1701876858463,"action":"FILE_OPENED","file":"/prompt_mode_service/src/client.py","tags":{"FILE_LINE_OF_CODE":"27"}}
{"ts":1701876867671,"action":"FILE_CLOSED","file":"/prompt_mode_service/src/client.py","tags":{"FILE_LINE_OF_CODE":"29"}}
{"ts":1701876867671,"action":"FILE_OPENED","file":"/prompt_mode_service/src/server.py","tags":{"FILE_LINE_OF_CODE":"33"}}
{"ts":1701876965319,"action":"FILE_CLOSED","file":"/prompt_mode_service/src/server.py","tags":{"FILE_LINE_OF_CODE":"33"}}
{"ts":1701876965319,"action":"FILE_OPENED","file":"/prompt_mode_service/proto/prompt_mode_pb2.py","tags":{"FILE_LINE_OF_CODE":"32"}}
{"ts":1701876968274,"action":"FILE_CLOSED","file":"/prompt_mode_service/proto/prompt_mode_pb2.py","tags":{"FILE_LINE_OF_CODE":"32"}}
{"ts":1701876968274,"action":"FILE_OPENED","file":"/prompt_mode_service/proto/prompt_mode.proto","tags":{"FILE_LINE_OF_CODE":"26"}}
{"ts":1701876972204,"action":"FILE_CLOSED","file":"/prompt_mode_service/proto/prompt_mode.proto","tags":{"FILE_LINE_OF_CODE":"26"}}
{"ts":1701876972204,"action":"FILE_OPENED","file":"/prompt_mode_service/proto/prompt_mode_pb2.py","tags":{"FILE_LINE_OF_CODE":"32"}}
{"ts":1701876973185,"action":"FILE_CLOSED","file":"/prompt_mode_service/proto/prompt_mode_pb2.py","tags":{"FILE_LINE_OF_CODE":"32"}}
{"ts":1701876973185,"action":"FILE_OPENED","file":"/prompt_mode_service/src/client.py","tags":{"FILE_LINE_OF_CODE":"29"}}
{"ts":1701876974304,"action":"FILE_CLOSED","file":"/prompt_mode_service/src/client.py","tags":{"FILE_LINE_OF_CODE":"29"}}
{"ts":1701876974304,"action":"FILE_OPENED","file":"/prompt_mode_service/src/server.py","tags":{"FILE_LINE_OF_CODE":"33"}}
{"ts":1701876987537,"action":"IDE_DEACTIVATED"}
{"ts":1701877007339,"action":"IDE_ACTIVATED"}
{"ts":1701877012396,"action":"FILE_CLOSED","file":"/prompt_mode_service/src/server.py","tags":{"FILE_LINE_OF_CODE":"33"}}
{"ts":1701877012396,"action":"FILE_OPENED","file":"/prompt_mode_service/src/impl.py","tags":{"FILE_LINE_OF_CODE":"0"}}
{"ts":1701877013233,"action":"FILE_CLOSED","file":"/prompt_mode_service/src/impl.py","tags":{"FILE_LINE_OF_CODE":"0"}}
{"ts":1701877013233,"action":"FILE_OPENED","file":"/prompt_mode_service/src/server.py","tags":{"FILE_LINE_OF_CODE":"33"}}
{"ts":1701877015261,"action":"FILE_CLOSED","file":"/prompt_mode_service/src/server.py","tags":{"FILE_LINE_OF_CODE":"33"}}
{"ts":1701877015261,"action":"FILE_OPENED","file":"/prompt_mode_service/proto/prompt_mode.proto","tags":{"FILE_LINE_OF_CODE":"26"}}
{"ts":1701877017371,"action":"FILE_CLOSED","file":"/prompt_mode_service/proto/prompt_mode.proto","tags":{"FILE_LINE_OF_CODE":"26"}}
{"ts":1701877017371,"action":"FILE_OPENED","file":"/prompt_mode_service/src/server.py","tags":{"FILE_LINE_OF_CODE":"33"}}
{"ts":1701877040088,"action":"IDE_DEACTIVATED"}
{"ts":1701877135199,"action":"IDE_ACTIVATED"}
{"ts":1701877137719,"action":"IDE_DEACTIVATED"}
{"ts":1701879391991,"action":"IDE_ACTIVATED"}
{"ts":1701879405057,"action":"PROJECT_CLOSED","tags":{"PROJECT_NAME":"avatarex_grpc_api"}}
{"ts":1701898238580,"action":"FILE_OPENED","file":"/prompt_mode_service/src/client.py","tags":{"FILE_LINE_OF_CODE":"29"}}
{"ts":1701898238636,"action":"FILE_CLOSED","file":"/prompt_mode_service/src/client.py","tags":{"FILE_LINE_OF_CODE":"29"}}
{"ts":1701898238636,"action":"FILE_OPENED","file":"/prompt_mode_service/src/server.py","tags":{"FILE_LINE_OF_CODE":"32"}}
{"ts":1701898238830,"action":"PROJECT_OPENED","tags":{"PROJECT_NAME":"avatarex_grpc_api"}}
{"ts":1701898246097,"action":"IDE_DEACTIVATED"}
{"ts":1701898246200,"action":"IDE_ACTIVATED"}
{"ts":1701898351892,"action":"FILE_CLOSED","file":"/prompt_mode_service/src/server.py","tags":{"FILE_LINE_OF_CODE":"32"}}
{"ts":1701898351892,"action":"FILE_OPENED","file":"/prompt_mode_service/proto/prompt_mode_pb2.py","tags":{"FILE_LINE_OF_CODE":"57"}}
{"ts":1701898367976,"action":"FILE_OPENED","file":"/prompt_mode_service/src/server.py","tags":{"FILE_LINE_OF_CODE":"32"}}
{"ts":1701898367981,"action":"FILE_CLOSED","file":"/prompt_mode_service/src/server.py","tags":{"FILE_LINE_OF_CODE":"32"}}
{"ts":1701898367981,"action":"FILE_OPENED","file":"/prompt_mode_service/proto/prompt_mode_pb2_grpc.py","tags":{"FILE_LINE_OF_CODE":"67"}}
{"ts":1701898375366,"action":"FILE_OPENED","file":"/prompt_mode_service/src/server.py","tags":{"FILE_LINE_OF_CODE":"32"}}
{"ts":1701898375379,"action":"FILE_CLOSED","file":"/prompt_mode_service/src/server.py","tags":{"FILE_LINE_OF_CODE":"32"}}
{"ts":1701898375379,"action":"FILE_OPENED","file":"/amocrm_connect_service/proto/amocrm_connect.proto","tags":{"FILE_LINE_OF_CODE":"26"}}
